Not searching for unused variables given on the command line.
[36m--[0m Using CATKIN_DEVEL_PREFIX: /home/martin/first_ws/devel/.private/martin_mpc
[36m--[0m Using CMAKE_PREFIX_PATH: /home/martin/first_ws/devel;/home/martin/catkin_ws/devel;/opt/ros/melodic
[36m--[0m This workspace overlays: /home/martin/first_ws/devel;/home/martin/catkin_ws/devel;/opt/ros/melodic
[36m--[0m Found PythonInterp: /usr/bin/python3.6 (found suitable version "3.6.9", minimum required is "3.6")
[36m--[0m Using PYTHON_EXECUTABLE: /usr/bin/python3.6
[36m--[0m Using Debian Python package layout
[36m--[0m Using empy: /usr/bin/empy
[36m--[0m Using CATKIN_ENABLE_TESTING: ON
[36m--[0m Call enable_testing()
[36m--[0m Using CATKIN_TEST_RESULTS_DIR: /home/martin/first_ws/build/martin_mpc/test_results
[36m--[0m Found gtest sources under '/usr/src/googletest': gtests will be built
[36m--[0m Found gmock sources under '/usr/src/googletest': gmock will be built
[36m--[0m Found PythonInterp: /usr/bin/python3.6 (found version "3.6.9")
[36m--[0m Using Python nosetests: /usr/bin/nosetests
[36m--[0m catkin 0.7.29
[36m--[0m BUILD_SHARED_LIBS is on
[36m--[0m Configuring done
[36m--[0m Generating done
[36m--[0m Build files have been written to: /home/martin/first_ws/build/martin_mpc
