Linked: (/home/martin/first_ws/devel/.private/martin_mpc/include/martin_mpc/mpcsrvRequest.h, /home/martin/first_ws/devel/include/martin_mpc/mpcsrvRequest.h)
Linked: (/home/martin/first_ws/devel/.private/martin_mpc/include/martin_mpc/mpcsrv.h, /home/martin/first_ws/devel/include/martin_mpc/mpcsrv.h)
Linked: (/home/martin/first_ws/devel/.private/martin_mpc/include/martin_mpc/mpcsrvResponse.h, /home/martin/first_ws/devel/include/martin_mpc/mpcsrvResponse.h)
Linked: (/home/martin/first_ws/devel/.private/martin_mpc/lib/pkgconfig/martin_mpc.pc, /home/martin/first_ws/devel/lib/pkgconfig/martin_mpc.pc)
Linked: (/home/martin/first_ws/devel/.private/martin_mpc/lib/python3/dist-packages/martin_mpc/__init__.py, /home/martin/first_ws/devel/lib/python3/dist-packages/martin_mpc/__init__.py)
Linked: (/home/martin/first_ws/devel/.private/martin_mpc/lib/python3/dist-packages/martin_mpc/srv/__init__.py, /home/martin/first_ws/devel/lib/python3/dist-packages/martin_mpc/srv/__init__.py)
Linked: (/home/martin/first_ws/devel/.private/martin_mpc/lib/python3/dist-packages/martin_mpc/srv/_mpcsrv.py, /home/martin/first_ws/devel/lib/python3/dist-packages/martin_mpc/srv/_mpcsrv.py)
Linked: (/home/martin/first_ws/devel/.private/martin_mpc/lib/python2.7/dist-packages/martin_mpc/__init__.py, /home/martin/first_ws/devel/lib/python2.7/dist-packages/martin_mpc/__init__.py)
Linked: (/home/martin/first_ws/devel/.private/martin_mpc/lib/python2.7/dist-packages/martin_mpc/srv/__init__.py, /home/martin/first_ws/devel/lib/python2.7/dist-packages/martin_mpc/srv/__init__.py)
Linked: (/home/martin/first_ws/devel/.private/martin_mpc/lib/python2.7/dist-packages/martin_mpc/srv/_mpcsrv.py, /home/martin/first_ws/devel/lib/python2.7/dist-packages/martin_mpc/srv/_mpcsrv.py)
Linked: (/home/martin/first_ws/devel/.private/martin_mpc/share/common-lisp/ros/martin_mpc/srv/_package_mpcsrv.lisp, /home/martin/first_ws/devel/share/common-lisp/ros/martin_mpc/srv/_package_mpcsrv.lisp)
Linked: (/home/martin/first_ws/devel/.private/martin_mpc/share/common-lisp/ros/martin_mpc/srv/martin_mpc-srv.asd, /home/martin/first_ws/devel/share/common-lisp/ros/martin_mpc/srv/martin_mpc-srv.asd)
Linked: (/home/martin/first_ws/devel/.private/martin_mpc/share/common-lisp/ros/martin_mpc/srv/mpcsrv.lisp, /home/martin/first_ws/devel/share/common-lisp/ros/martin_mpc/srv/mpcsrv.lisp)
Linked: (/home/martin/first_ws/devel/.private/martin_mpc/share/common-lisp/ros/martin_mpc/srv/_package.lisp, /home/martin/first_ws/devel/share/common-lisp/ros/martin_mpc/srv/_package.lisp)
Linked: (/home/martin/first_ws/devel/.private/martin_mpc/share/roseus/ros/martin_mpc/manifest.l, /home/martin/first_ws/devel/share/roseus/ros/martin_mpc/manifest.l)
Linked: (/home/martin/first_ws/devel/.private/martin_mpc/share/roseus/ros/martin_mpc/srv/mpcsrv.l, /home/martin/first_ws/devel/share/roseus/ros/martin_mpc/srv/mpcsrv.l)
Linked: (/home/martin/first_ws/devel/.private/martin_mpc/share/gennodejs/ros/martin_mpc/_index.js, /home/martin/first_ws/devel/share/gennodejs/ros/martin_mpc/_index.js)
Linked: (/home/martin/first_ws/devel/.private/martin_mpc/share/gennodejs/ros/martin_mpc/srv/mpcsrv.js, /home/martin/first_ws/devel/share/gennodejs/ros/martin_mpc/srv/mpcsrv.js)
Linked: (/home/martin/first_ws/devel/.private/martin_mpc/share/gennodejs/ros/martin_mpc/srv/_index.js, /home/martin/first_ws/devel/share/gennodejs/ros/martin_mpc/srv/_index.js)
Linked: (/home/martin/first_ws/devel/.private/martin_mpc/share/martin_mpc/cmake/martin_mpcConfig-version.cmake, /home/martin/first_ws/devel/share/martin_mpc/cmake/martin_mpcConfig-version.cmake)
Linked: (/home/martin/first_ws/devel/.private/martin_mpc/share/martin_mpc/cmake/martin_mpcConfig.cmake, /home/martin/first_ws/devel/share/martin_mpc/cmake/martin_mpcConfig.cmake)
Linked: (/home/martin/first_ws/devel/.private/martin_mpc/share/martin_mpc/cmake/martin_mpc-msg-extras.cmake, /home/martin/first_ws/devel/share/martin_mpc/cmake/martin_mpc-msg-extras.cmake)
Linked: (/home/martin/first_ws/devel/.private/martin_mpc/share/martin_mpc/cmake/martin_mpc-msg-paths.cmake, /home/martin/first_ws/devel/share/martin_mpc/cmake/martin_mpc-msg-paths.cmake)
