[  0%] Built target std_msgs_generate_messages_cpp
[  0%] Built target geometry_msgs_generate_messages_cpp
[  0%] Built target sensor_msgs_generate_messages_cpp
[  0%] Built target std_msgs_generate_messages_py
[  0%] Built target _apriltag_ros_generate_messages_check_deps_AnalyzeSingleImage
[  0%] Built target _apriltag_ros_generate_messages_check_deps_AprilTagDetectionArray
[  0%] Built target sensor_msgs_generate_messages_py
[  0%] Built target geometry_msgs_generate_messages_py
[  0%] Built target sensor_msgs_generate_messages_lisp
[  0%] Built target geometry_msgs_generate_messages_lisp
[  0%] Built target _apriltag_ros_generate_messages_check_deps_AprilTagDetection
[  0%] Built target std_msgs_generate_messages_lisp
[  0%] Built target std_msgs_generate_messages_eus
[  0%] Built target geometry_msgs_generate_messages_eus
[  0%] Built target sensor_msgs_generate_messages_eus
[  0%] Built target geometry_msgs_generate_messages_nodejs
[  0%] Built target std_msgs_generate_messages_nodejs
[  0%] Built target sensor_msgs_generate_messages_nodejs
[ 10%] Built target apriltag_ros_generate_messages_cpp
[ 26%] Built target apriltag_ros_generate_messages_py
[ 36%] Built target apriltag_ros_generate_messages_lisp
[ 50%] Built target apriltag_ros_generate_messages_eus
[ 60%] Built target apriltag_ros_generate_messages_nodejs
[ 60%] Built target apriltag_ros_generate_messages
[ 63%] [32m[1mLinking CXX shared library /home/martin/first_ws/devel/.private/apriltag_ros/lib/libapriltag_ros_common.so[0m
[ 66%] Built target apriltag_ros_common
[ 70%] [32m[1mLinking CXX shared library /home/martin/first_ws/devel/.private/apriltag_ros/lib/libapriltag_ros_continuous_detector.so[0m
[ 73%] [32m[1mLinking CXX executable /home/martin/first_ws/devel/.private/apriltag_ros/lib/apriltag_ros/apriltag_ros_single_image_client_node[0m
[ 76%] [32m[1mLinking CXX shared library /home/martin/first_ws/devel/.private/apriltag_ros/lib/libapriltag_ros_single_image_detector.so[0m
[ 80%] Built target apriltag_ros_single_image_detector
[ 83%] [32m[1mLinking CXX executable /home/martin/first_ws/devel/.private/apriltag_ros/lib/apriltag_ros/apriltag_ros_single_image_server_node[0m
[ 86%] Built target apriltag_ros_continuous_detector
[ 90%] [32m[1mLinking CXX executable /home/martin/first_ws/devel/.private/apriltag_ros/lib/apriltag_ros/apriltag_ros_continuous_node[0m
[ 93%] Built target apriltag_ros_single_image_client_node
[ 96%] Built target apriltag_ros_continuous_node
[100%] Built target apriltag_ros_single_image_server_node
