Linked: (/home/martin/first_ws/devel/.private/rosflight_extras/include/rosflight_extras/arm_uavRequest.h, /home/martin/first_ws/devel/include/rosflight_extras/arm_uavRequest.h)
Symlinking /home/martin/first_ws/devel/include/rosflight_extras/float_array.h
Linked: (/home/martin/first_ws/devel/.private/rosflight_extras/include/rosflight_extras/FloatArray.h, /home/martin/first_ws/devel/include/rosflight_extras/FloatArray.h)
Linked: (/home/martin/first_ws/devel/.private/rosflight_extras/include/rosflight_extras/arm_uavResponse.h, /home/martin/first_ws/devel/include/rosflight_extras/arm_uavResponse.h)
Linked: (/home/martin/first_ws/devel/.private/rosflight_extras/include/rosflight_extras/arm_uav.h, /home/martin/first_ws/devel/include/rosflight_extras/arm_uav.h)
Linked: (/home/martin/first_ws/devel/.private/rosflight_extras/lib/pkgconfig/rosflight_extras.pc, /home/martin/first_ws/devel/lib/pkgconfig/rosflight_extras.pc)
Linked: (/home/martin/first_ws/devel/.private/rosflight_extras/lib/python3/dist-packages/rosflight_extras/__init__.py, /home/martin/first_ws/devel/lib/python3/dist-packages/rosflight_extras/__init__.py)
Linked: (/home/martin/first_ws/devel/.private/rosflight_extras/lib/python3/dist-packages/rosflight_extras/srv/_arm_uav.py, /home/martin/first_ws/devel/lib/python3/dist-packages/rosflight_extras/srv/_arm_uav.py)
Linked: (/home/martin/first_ws/devel/.private/rosflight_extras/lib/python3/dist-packages/rosflight_extras/srv/__init__.py, /home/martin/first_ws/devel/lib/python3/dist-packages/rosflight_extras/srv/__init__.py)
Linked: (/home/martin/first_ws/devel/.private/rosflight_extras/lib/python3/dist-packages/rosflight_extras/msg/__init__.py, /home/martin/first_ws/devel/lib/python3/dist-packages/rosflight_extras/msg/__init__.py)
Linked: (/home/martin/first_ws/devel/.private/rosflight_extras/lib/python3/dist-packages/rosflight_extras/msg/_FloatArray.py, /home/martin/first_ws/devel/lib/python3/dist-packages/rosflight_extras/msg/_FloatArray.py)
Symlinking /home/martin/first_ws/devel/lib/python3/dist-packages/rosflight_extras/msg/_float_array.py
Linked: (/home/martin/first_ws/devel/.private/rosflight_extras/lib/python2.7/dist-packages/rosflight_extras/__init__.py, /home/martin/first_ws/devel/lib/python2.7/dist-packages/rosflight_extras/__init__.py)
Linked: (/home/martin/first_ws/devel/.private/rosflight_extras/lib/python2.7/dist-packages/rosflight_extras/srv/_arm_uav.py, /home/martin/first_ws/devel/lib/python2.7/dist-packages/rosflight_extras/srv/_arm_uav.py)
Linked: (/home/martin/first_ws/devel/.private/rosflight_extras/lib/python2.7/dist-packages/rosflight_extras/srv/__init__.py, /home/martin/first_ws/devel/lib/python2.7/dist-packages/rosflight_extras/srv/__init__.py)
Linked: (/home/martin/first_ws/devel/.private/rosflight_extras/share/rosflight_extras/cmake/rosflight_extras-msg-paths.cmake, /home/martin/first_ws/devel/share/rosflight_extras/cmake/rosflight_extras-msg-paths.cmake)
Linked: (/home/martin/first_ws/devel/.private/rosflight_extras/share/rosflight_extras/cmake/rosflight_extrasConfig.cmake, /home/martin/first_ws/devel/share/rosflight_extras/cmake/rosflight_extrasConfig.cmake)
Linked: (/home/martin/first_ws/devel/.private/rosflight_extras/share/rosflight_extras/cmake/rosflight_extras-msg-extras.cmake, /home/martin/first_ws/devel/share/rosflight_extras/cmake/rosflight_extras-msg-extras.cmake)
Linked: (/home/martin/first_ws/devel/.private/rosflight_extras/share/rosflight_extras/cmake/rosflight_extrasConfig-version.cmake, /home/martin/first_ws/devel/share/rosflight_extras/cmake/rosflight_extrasConfig-version.cmake)
Linked: (/home/martin/first_ws/devel/.private/rosflight_extras/share/common-lisp/ros/rosflight_extras/srv/_package_arm_uav.lisp, /home/martin/first_ws/devel/share/common-lisp/ros/rosflight_extras/srv/_package_arm_uav.lisp)
Linked: (/home/martin/first_ws/devel/.private/rosflight_extras/share/common-lisp/ros/rosflight_extras/srv/_package.lisp, /home/martin/first_ws/devel/share/common-lisp/ros/rosflight_extras/srv/_package.lisp)
Linked: (/home/martin/first_ws/devel/.private/rosflight_extras/share/common-lisp/ros/rosflight_extras/srv/rosflight_extras-srv.asd, /home/martin/first_ws/devel/share/common-lisp/ros/rosflight_extras/srv/rosflight_extras-srv.asd)
Linked: (/home/martin/first_ws/devel/.private/rosflight_extras/share/common-lisp/ros/rosflight_extras/srv/arm_uav.lisp, /home/martin/first_ws/devel/share/common-lisp/ros/rosflight_extras/srv/arm_uav.lisp)
Linked: (/home/martin/first_ws/devel/.private/rosflight_extras/share/common-lisp/ros/rosflight_extras/msg/rosflight_extras-msg.asd, /home/martin/first_ws/devel/share/common-lisp/ros/rosflight_extras/msg/rosflight_extras-msg.asd)
Linked: (/home/martin/first_ws/devel/.private/rosflight_extras/share/common-lisp/ros/rosflight_extras/msg/_package_FloatArray.lisp, /home/martin/first_ws/devel/share/common-lisp/ros/rosflight_extras/msg/_package_FloatArray.lisp)
Symlinking /home/martin/first_ws/devel/share/common-lisp/ros/rosflight_extras/msg/_package_float_array.lisp
Linked: (/home/martin/first_ws/devel/.private/rosflight_extras/share/common-lisp/ros/rosflight_extras/msg/_package.lisp, /home/martin/first_ws/devel/share/common-lisp/ros/rosflight_extras/msg/_package.lisp)
Linked: (/home/martin/first_ws/devel/.private/rosflight_extras/share/common-lisp/ros/rosflight_extras/msg/FloatArray.lisp, /home/martin/first_ws/devel/share/common-lisp/ros/rosflight_extras/msg/FloatArray.lisp)
Symlinking /home/martin/first_ws/devel/share/common-lisp/ros/rosflight_extras/msg/float_array.lisp
Linked: (/home/martin/first_ws/devel/.private/rosflight_extras/share/roseus/ros/rosflight_extras/manifest.l, /home/martin/first_ws/devel/share/roseus/ros/rosflight_extras/manifest.l)
Linked: (/home/martin/first_ws/devel/.private/rosflight_extras/share/roseus/ros/rosflight_extras/srv/arm_uav.l, /home/martin/first_ws/devel/share/roseus/ros/rosflight_extras/srv/arm_uav.l)
Symlinking /home/martin/first_ws/devel/share/roseus/ros/rosflight_extras/msg/float_array.l
Linked: (/home/martin/first_ws/devel/.private/rosflight_extras/share/roseus/ros/rosflight_extras/msg/FloatArray.l, /home/martin/first_ws/devel/share/roseus/ros/rosflight_extras/msg/FloatArray.l)
Linked: (/home/martin/first_ws/devel/.private/rosflight_extras/share/gennodejs/ros/rosflight_extras/_index.js, /home/martin/first_ws/devel/share/gennodejs/ros/rosflight_extras/_index.js)
Linked: (/home/martin/first_ws/devel/.private/rosflight_extras/share/gennodejs/ros/rosflight_extras/srv/_index.js, /home/martin/first_ws/devel/share/gennodejs/ros/rosflight_extras/srv/_index.js)
Linked: (/home/martin/first_ws/devel/.private/rosflight_extras/share/gennodejs/ros/rosflight_extras/srv/arm_uav.js, /home/martin/first_ws/devel/share/gennodejs/ros/rosflight_extras/srv/arm_uav.js)
Linked: (/home/martin/first_ws/devel/.private/rosflight_extras/share/gennodejs/ros/rosflight_extras/msg/_index.js, /home/martin/first_ws/devel/share/gennodejs/ros/rosflight_extras/msg/_index.js)
Linked: (/home/martin/first_ws/devel/.private/rosflight_extras/share/gennodejs/ros/rosflight_extras/msg/FloatArray.js, /home/martin/first_ws/devel/share/gennodejs/ros/rosflight_extras/msg/FloatArray.js)
Symlinking /home/martin/first_ws/devel/share/gennodejs/ros/rosflight_extras/msg/float_array.js
