Linked: (/home/martin/first_ws/devel/.private/rosflight_extras/include/rosflight_extras/arm_uavRequest.h, /home/martin/first_ws/devel/include/rosflight_extras/arm_uavRequest.h)
Linked: (/home/martin/first_ws/devel/.private/rosflight_extras/include/rosflight_extras/arm_uavResponse.h, /home/martin/first_ws/devel/include/rosflight_extras/arm_uavResponse.h)
Linked: (/home/martin/first_ws/devel/.private/rosflight_extras/include/rosflight_extras/arm_uav.h, /home/martin/first_ws/devel/include/rosflight_extras/arm_uav.h)
Linked: (/home/martin/first_ws/devel/.private/rosflight_extras/lib/pkgconfig/rosflight_extras.pc, /home/martin/first_ws/devel/lib/pkgconfig/rosflight_extras.pc)
Linked: (/home/martin/first_ws/devel/.private/rosflight_extras/lib/python3/dist-packages/rosflight_extras/__init__.py, /home/martin/first_ws/devel/lib/python3/dist-packages/rosflight_extras/__init__.py)
Linked: (/home/martin/first_ws/devel/.private/rosflight_extras/lib/python3/dist-packages/rosflight_extras/srv/_arm_uav.py, /home/martin/first_ws/devel/lib/python3/dist-packages/rosflight_extras/srv/_arm_uav.py)
Linked: (/home/martin/first_ws/devel/.private/rosflight_extras/lib/python3/dist-packages/rosflight_extras/srv/__init__.py, /home/martin/first_ws/devel/lib/python3/dist-packages/rosflight_extras/srv/__init__.py)
Linked: (/home/martin/first_ws/devel/.private/rosflight_extras/lib/python2.7/dist-packages/rosflight_extras/__init__.py, /home/martin/first_ws/devel/lib/python2.7/dist-packages/rosflight_extras/__init__.py)
Linked: (/home/martin/first_ws/devel/.private/rosflight_extras/lib/python2.7/dist-packages/rosflight_extras/srv/_arm_uav.py, /home/martin/first_ws/devel/lib/python2.7/dist-packages/rosflight_extras/srv/_arm_uav.py)
Linked: (/home/martin/first_ws/devel/.private/rosflight_extras/lib/python2.7/dist-packages/rosflight_extras/srv/__init__.py, /home/martin/first_ws/devel/lib/python2.7/dist-packages/rosflight_extras/srv/__init__.py)
Linked: (/home/martin/first_ws/devel/.private/rosflight_extras/share/rosflight_extras/cmake/rosflight_extras-msg-paths.cmake, /home/martin/first_ws/devel/share/rosflight_extras/cmake/rosflight_extras-msg-paths.cmake)
Linked: (/home/martin/first_ws/devel/.private/rosflight_extras/share/rosflight_extras/cmake/rosflight_extrasConfig.cmake, /home/martin/first_ws/devel/share/rosflight_extras/cmake/rosflight_extrasConfig.cmake)
Linked: (/home/martin/first_ws/devel/.private/rosflight_extras/share/rosflight_extras/cmake/rosflight_extras-msg-extras.cmake, /home/martin/first_ws/devel/share/rosflight_extras/cmake/rosflight_extras-msg-extras.cmake)
Linked: (/home/martin/first_ws/devel/.private/rosflight_extras/share/rosflight_extras/cmake/rosflight_extrasConfig-version.cmake, /home/martin/first_ws/devel/share/rosflight_extras/cmake/rosflight_extrasConfig-version.cmake)
Linked: (/home/martin/first_ws/devel/.private/rosflight_extras/share/common-lisp/ros/rosflight_extras/srv/_package_arm_uav.lisp, /home/martin/first_ws/devel/share/common-lisp/ros/rosflight_extras/srv/_package_arm_uav.lisp)
Linked: (/home/martin/first_ws/devel/.private/rosflight_extras/share/common-lisp/ros/rosflight_extras/srv/_package.lisp, /home/martin/first_ws/devel/share/common-lisp/ros/rosflight_extras/srv/_package.lisp)
Linked: (/home/martin/first_ws/devel/.private/rosflight_extras/share/common-lisp/ros/rosflight_extras/srv/rosflight_extras-srv.asd, /home/martin/first_ws/devel/share/common-lisp/ros/rosflight_extras/srv/rosflight_extras-srv.asd)
Linked: (/home/martin/first_ws/devel/.private/rosflight_extras/share/common-lisp/ros/rosflight_extras/srv/arm_uav.lisp, /home/martin/first_ws/devel/share/common-lisp/ros/rosflight_extras/srv/arm_uav.lisp)
Linked: (/home/martin/first_ws/devel/.private/rosflight_extras/share/roseus/ros/rosflight_extras/manifest.l, /home/martin/first_ws/devel/share/roseus/ros/rosflight_extras/manifest.l)
Linked: (/home/martin/first_ws/devel/.private/rosflight_extras/share/roseus/ros/rosflight_extras/srv/arm_uav.l, /home/martin/first_ws/devel/share/roseus/ros/rosflight_extras/srv/arm_uav.l)
Linked: (/home/martin/first_ws/devel/.private/rosflight_extras/share/gennodejs/ros/rosflight_extras/_index.js, /home/martin/first_ws/devel/share/gennodejs/ros/rosflight_extras/_index.js)
Linked: (/home/martin/first_ws/devel/.private/rosflight_extras/share/gennodejs/ros/rosflight_extras/srv/_index.js, /home/martin/first_ws/devel/share/gennodejs/ros/rosflight_extras/srv/_index.js)
Linked: (/home/martin/first_ws/devel/.private/rosflight_extras/share/gennodejs/ros/rosflight_extras/srv/arm_uav.js, /home/martin/first_ws/devel/share/gennodejs/ros/rosflight_extras/srv/arm_uav.js)
