Symlinking /home/martin/first_ws/devel/include/rosflight_extras/arm_uavRequest.h
Symlinking /home/martin/first_ws/devel/include/rosflight_extras/float_array.h
Symlinking /home/martin/first_ws/devel/include/rosflight_extras/arm_uavResponse.h
Symlinking /home/martin/first_ws/devel/include/rosflight_extras/arm_uav.h
Symlinking /home/martin/first_ws/devel/lib/pkgconfig/rosflight_extras.pc
Symlinking /home/martin/first_ws/devel/lib/python3/dist-packages/rosflight_extras/__init__.py
Symlinking /home/martin/first_ws/devel/lib/python3/dist-packages/rosflight_extras/srv/_arm_uav.py
Symlinking /home/martin/first_ws/devel/lib/python3/dist-packages/rosflight_extras/srv/__init__.py
Symlinking /home/martin/first_ws/devel/lib/python3/dist-packages/rosflight_extras/msg/__init__.py
Symlinking /home/martin/first_ws/devel/lib/python3/dist-packages/rosflight_extras/msg/_float_array.py
Symlinking /home/martin/first_ws/devel/share/rosflight_extras/cmake/rosflight_extras-msg-paths.cmake
Symlinking /home/martin/first_ws/devel/share/rosflight_extras/cmake/rosflight_extrasConfig.cmake
Symlinking /home/martin/first_ws/devel/share/rosflight_extras/cmake/rosflight_extras-msg-extras.cmake
Symlinking /home/martin/first_ws/devel/share/rosflight_extras/cmake/rosflight_extrasConfig-version.cmake
Symlinking /home/martin/first_ws/devel/share/common-lisp/ros/rosflight_extras/srv/_package_arm_uav.lisp
Symlinking /home/martin/first_ws/devel/share/common-lisp/ros/rosflight_extras/srv/_package.lisp
Symlinking /home/martin/first_ws/devel/share/common-lisp/ros/rosflight_extras/srv/rosflight_extras-srv.asd
Symlinking /home/martin/first_ws/devel/share/common-lisp/ros/rosflight_extras/srv/arm_uav.lisp
Symlinking /home/martin/first_ws/devel/share/common-lisp/ros/rosflight_extras/msg/rosflight_extras-msg.asd
Symlinking /home/martin/first_ws/devel/share/common-lisp/ros/rosflight_extras/msg/_package_float_array.lisp
Symlinking /home/martin/first_ws/devel/share/common-lisp/ros/rosflight_extras/msg/_package.lisp
Symlinking /home/martin/first_ws/devel/share/common-lisp/ros/rosflight_extras/msg/float_array.lisp
Symlinking /home/martin/first_ws/devel/share/roseus/ros/rosflight_extras/manifest.l
Symlinking /home/martin/first_ws/devel/share/roseus/ros/rosflight_extras/srv/arm_uav.l
Symlinking /home/martin/first_ws/devel/share/roseus/ros/rosflight_extras/msg/float_array.l
Symlinking /home/martin/first_ws/devel/share/gennodejs/ros/rosflight_extras/_index.js
Symlinking /home/martin/first_ws/devel/share/gennodejs/ros/rosflight_extras/srv/_index.js
Symlinking /home/martin/first_ws/devel/share/gennodejs/ros/rosflight_extras/srv/arm_uav.js
Symlinking /home/martin/first_ws/devel/share/gennodejs/ros/rosflight_extras/msg/_index.js
Symlinking /home/martin/first_ws/devel/share/gennodejs/ros/rosflight_extras/msg/float_array.js
Cleaning: (/home/martin/first_ws/devel/.private/rosflight_extras/include/rosflight_extras/FloatArray.h, /home/martin/first_ws/devel/include/rosflight_extras/FloatArray.h)
Cleaning: (/home/martin/first_ws/devel/.private/rosflight_extras/lib/python3/dist-packages/rosflight_extras/msg/_FloatArray.py, /home/martin/first_ws/devel/lib/python3/dist-packages/rosflight_extras/msg/_FloatArray.py)
Cleaning: (/home/martin/first_ws/devel/.private/rosflight_extras/lib/python2.7/dist-packages/rosflight_extras/__init__.py, /home/martin/first_ws/devel/lib/python2.7/dist-packages/rosflight_extras/__init__.py)
Cleaning: (/home/martin/first_ws/devel/.private/rosflight_extras/lib/python2.7/dist-packages/rosflight_extras/srv/_arm_uav.py, /home/martin/first_ws/devel/lib/python2.7/dist-packages/rosflight_extras/srv/_arm_uav.py)
Cleaning: (/home/martin/first_ws/devel/.private/rosflight_extras/lib/python2.7/dist-packages/rosflight_extras/srv/__init__.py, /home/martin/first_ws/devel/lib/python2.7/dist-packages/rosflight_extras/srv/__init__.py)
Cleaning: (/home/martin/first_ws/devel/.private/rosflight_extras/share/common-lisp/ros/rosflight_extras/msg/_package_FloatArray.lisp, /home/martin/first_ws/devel/share/common-lisp/ros/rosflight_extras/msg/_package_FloatArray.lisp)
Cleaning: (/home/martin/first_ws/devel/.private/rosflight_extras/share/common-lisp/ros/rosflight_extras/msg/FloatArray.lisp, /home/martin/first_ws/devel/share/common-lisp/ros/rosflight_extras/msg/FloatArray.lisp)
Cleaning: (/home/martin/first_ws/devel/.private/rosflight_extras/share/roseus/ros/rosflight_extras/msg/FloatArray.l, /home/martin/first_ws/devel/share/roseus/ros/rosflight_extras/msg/FloatArray.l)
Cleaning: (/home/martin/first_ws/devel/.private/rosflight_extras/share/gennodejs/ros/rosflight_extras/msg/FloatArray.js, /home/martin/first_ws/devel/share/gennodejs/ros/rosflight_extras/msg/FloatArray.js)
Unlinking: /home/martin/first_ws/devel/include/rosflight_extras/FloatArray.h
Already unlinked: {}
Unlinking: /home/martin/first_ws/devel/lib/python3/dist-packages/rosflight_extras/msg/_FloatArray.py
Already unlinked: {}
Unlinking: /home/martin/first_ws/devel/lib/python2.7/dist-packages/rosflight_extras/__init__.py
Already unlinked: {}
Unlinking: /home/martin/first_ws/devel/lib/python2.7/dist-packages/rosflight_extras/srv/_arm_uav.py
Already unlinked: {}
Unlinking: /home/martin/first_ws/devel/lib/python2.7/dist-packages/rosflight_extras/srv/__init__.py
Already unlinked: {}
Unlinking: /home/martin/first_ws/devel/share/common-lisp/ros/rosflight_extras/msg/_package_FloatArray.lisp
Already unlinked: {}
Unlinking: /home/martin/first_ws/devel/share/common-lisp/ros/rosflight_extras/msg/FloatArray.lisp
Already unlinked: {}
Unlinking: /home/martin/first_ws/devel/share/roseus/ros/rosflight_extras/msg/FloatArray.l
Already unlinked: {}
Unlinking: /home/martin/first_ws/devel/share/gennodejs/ros/rosflight_extras/msg/FloatArray.js
Already unlinked: {}
