[35m[1mScanning dependencies of target std_msgs_generate_messages_lisp[0m
[35m[1mScanning dependencies of target _rosflight_extras_generate_messages_check_deps_float_array[0m
[35m[1mScanning dependencies of target std_msgs_generate_messages_py[0m
[35m[1mScanning dependencies of target _rosflight_extras_generate_messages_check_deps_arm_uav[0m
[  0%] Built target std_msgs_generate_messages_py
[  0%] Built target std_msgs_generate_messages_lisp
[35m[1mScanning dependencies of target std_msgs_generate_messages_eus[0m
[35m[1mScanning dependencies of target std_msgs_generate_messages_cpp[0m
[35m[1mScanning dependencies of target std_msgs_generate_messages_nodejs[0m
[  0%] Built target std_msgs_generate_messages_nodejs
[  0%] Built target std_msgs_generate_messages_cpp
[  0%] Built target std_msgs_generate_messages_eus
[  0%] Built target _rosflight_extras_generate_messages_check_deps_float_array
[  0%] Built target _rosflight_extras_generate_messages_check_deps_arm_uav
[35m[1mScanning dependencies of target rosflight_extras_generate_messages_cpp[0m
[35m[1mScanning dependencies of target rosflight_extras_generate_messages_nodejs[0m
[35m[1mScanning dependencies of target rosflight_extras_generate_messages_lisp[0m
[35m[1mScanning dependencies of target rosflight_extras_generate_messages_py[0m
[35m[1mScanning dependencies of target rosflight_extras_generate_messages_eus[0m
[  7%] [34m[1mGenerating Javascript code from rosflight_extras/arm_uav.srv[0m
[ 15%] [34m[1mGenerating Lisp code from rosflight_extras/float_array.msg[0m
[ 23%] [34m[1mGenerating Python code from SRV rosflight_extras/arm_uav[0m
[ 30%] [34m[1mGenerating Python from MSG rosflight_extras/float_array[0m
[ 38%] [34m[1mGenerating C++ code from rosflight_extras/float_array.msg[0m
[ 46%] [34m[1mGenerating Javascript code from rosflight_extras/float_array.msg[0m
[ 53%] [34m[1mGenerating Lisp code from rosflight_extras/arm_uav.srv[0m
[ 61%] [34m[1mGenerating EusLisp code from rosflight_extras/float_array.msg[0m
[ 69%] [34m[1mGenerating EusLisp code from rosflight_extras/arm_uav.srv[0m
[ 69%] Built target rosflight_extras_generate_messages_lisp
[ 76%] [34m[1mGenerating EusLisp manifest code for rosflight_extras[0m
[ 84%] [34m[1mGenerating C++ code from rosflight_extras/arm_uav.srv[0m
[ 84%] Built target rosflight_extras_generate_messages_nodejs
[ 92%] [34m[1mGenerating Python msg __init__.py for rosflight_extras[0m
[100%] [34m[1mGenerating Python srv __init__.py for rosflight_extras[0m
[100%] Built target rosflight_extras_generate_messages_cpp
[100%] Built target rosflight_extras_generate_messages_py
[100%] Built target rosflight_extras_generate_messages_eus
[35m[1mScanning dependencies of target rosflight_extras_generate_messages[0m
[100%] Built target rosflight_extras_generate_messages
