[35m[1mScanning dependencies of target std_msgs_generate_messages_py[0m
[  0%] Built target std_msgs_generate_messages_py
[35m[1mScanning dependencies of target _rosflight_extras_generate_messages_check_deps_FloatArray[0m
[35m[1mScanning dependencies of target _rosflight_extras_generate_messages_check_deps_arm_uav[0m
[35m[1mScanning dependencies of target std_msgs_generate_messages_lisp[0m
[  0%] Built target _rosflight_extras_generate_messages_check_deps_FloatArray
[  0%] Built target std_msgs_generate_messages_lisp
[35m[1mScanning dependencies of target std_msgs_generate_messages_nodejs[0m
[  0%] Built target _rosflight_extras_generate_messages_check_deps_arm_uav
[  0%] Built target std_msgs_generate_messages_nodejs
[35m[1mScanning dependencies of target std_msgs_generate_messages_cpp[0m
[  0%] Built target std_msgs_generate_messages_cpp
[35m[1mScanning dependencies of target std_msgs_generate_messages_eus[0m
[  0%] Built target std_msgs_generate_messages_eus
[35m[1mScanning dependencies of target rosflight_extras_generate_messages_py[0m
[35m[1mScanning dependencies of target rosflight_extras_generate_messages_lisp[0m
[ 30%] Built target rosflight_extras_generate_messages_py
[35m[1mScanning dependencies of target rosflight_extras_generate_messages_nodejs[0m
[ 46%] Built target rosflight_extras_generate_messages_lisp
[ 61%] Built target rosflight_extras_generate_messages_nodejs
[35m[1mScanning dependencies of target rosflight_extras_generate_messages_cpp[0m
[35m[1mScanning dependencies of target rosflight_extras_generate_messages_eus[0m
[ 84%] Built target rosflight_extras_generate_messages_eus
[100%] Built target rosflight_extras_generate_messages_cpp
[35m[1mScanning dependencies of target rosflight_extras_generate_messages[0m
[100%] Built target rosflight_extras_generate_messages
