Not searching for unused variables given on the command line.
[36m--[0m Using CATKIN_DEVEL_PREFIX: /home/martin/first_ws/devel/.private/rosflight_extras_old
[36m--[0m Using CMAKE_PREFIX_PATH: /home/martin/first_ws/devel;/home/martin/catkin_ws/devel;/opt/ros/melodic
[36m--[0m This workspace overlays: /home/martin/first_ws/devel;/home/martin/catkin_ws/devel;/opt/ros/melodic
[36m--[0m Found PythonInterp: /usr/bin/python2 (found suitable version "2.7.17", minimum required is "2")
[36m--[0m Using PYTHON_EXECUTABLE: /usr/bin/python2
[36m--[0m Using Debian Python package layout
[36m--[0m Using empy: /usr/bin/empy
[36m--[0m Using CATKIN_ENABLE_TESTING: ON
[36m--[0m Call enable_testing()
[36m--[0m Using CATKIN_TEST_RESULTS_DIR: /home/martin/first_ws/build/rosflight_extras_old/test_results
[36m--[0m Found gtest sources under '/usr/src/googletest': gtests will be built
[36m--[0m Found gmock sources under '/usr/src/googletest': gmock will be built
[36m--[0m Found PythonInterp: /usr/bin/python2 (found version "2.7.17")
[36m--[0m Using Python nosetests: /usr/bin/nosetests-2.7
[36m--[0m catkin 0.7.29
[36m--[0m BUILD_SHARED_LIBS is on
[36m--[0m Using these message generators: gencpp;geneus;genlisp;gennodejs;genpy
[31m[1mCMake Error[0m at /opt/ros/melodic/share/catkin/cmake/catkin_package_xml.cmake:54 (message):
  catkin_package_xml() package name 'rosflight_extras_old' in
  '/home/martin/first_ws/src/rosflight_extras_old/package.xml' does not match
  current PROJECT_NAME 'rosflight_extras'.  You must call project() with the
  same package name before.
[36mCall Stack (most recent call first):[0m
  /opt/ros/melodic/share/catkin/cmake/catkin_package.cmake:99 (catkin_package_xml)
  CMakeLists.txt:105 (catkin_package)


[36m--[0m Configuring incomplete, errors occurred!
See also "/home/martin/first_ws/build/rosflight_extras_old/CMakeFiles/CMakeOutput.log".
See also "/home/martin/first_ws/build/rosflight_extras_old/CMakeFiles/CMakeError.log".
