[35m[1mScanning dependencies of target _rosflight_msgs_generate_messages_check_deps_OutputRaw[0m
[35m[1mScanning dependencies of target _rosflight_msgs_generate_messages_check_deps_RCRaw[0m
[35m[1mScanning dependencies of target _rosflight_msgs_generate_messages_check_deps_ParamFile[0m
[  0%] Built target _rosflight_msgs_generate_messages_check_deps_OutputRaw
[  0%] Built target _rosflight_msgs_generate_messages_check_deps_RCRaw
[35m[1mScanning dependencies of target _rosflight_msgs_generate_messages_check_deps_GNSS[0m
[  0%] Built target _rosflight_msgs_generate_messages_check_deps_ParamFile
[35m[1mScanning dependencies of target _rosflight_msgs_generate_messages_check_deps_Barometer[0m
[35m[1mScanning dependencies of target std_msgs_generate_messages_eus[0m
[  0%] Built target std_msgs_generate_messages_eus
[  0%] Built target _rosflight_msgs_generate_messages_check_deps_Barometer
[  0%] Built target _rosflight_msgs_generate_messages_check_deps_GNSS
[35m[1mScanning dependencies of target _rosflight_msgs_generate_messages_check_deps_Command[0m
[35m[1mScanning dependencies of target geometry_msgs_generate_messages_eus[0m
[35m[1mScanning dependencies of target _rosflight_msgs_generate_messages_check_deps_Airspeed[0m
[  0%] Built target geometry_msgs_generate_messages_eus
[  0%] Built target _rosflight_msgs_generate_messages_check_deps_Command
[35m[1mScanning dependencies of target _rosflight_msgs_generate_messages_check_deps_Status[0m
[  0%] Built target _rosflight_msgs_generate_messages_check_deps_Airspeed
[35m[1mScanning dependencies of target _rosflight_msgs_generate_messages_check_deps_BatteryStatus[0m
[  0%] Built target _rosflight_msgs_generate_messages_check_deps_Status
[35m[1mScanning dependencies of target _rosflight_msgs_generate_messages_check_deps_Attitude[0m
[  0%] Built target _rosflight_msgs_generate_messages_check_deps_BatteryStatus
[35m[1mScanning dependencies of target _rosflight_msgs_generate_messages_check_deps_AuxCommand[0m
[  0%] Built target _rosflight_msgs_generate_messages_check_deps_Attitude
[35m[1mScanning dependencies of target _rosflight_msgs_generate_messages_check_deps_GNSSFull[0m
[  0%] Built target _rosflight_msgs_generate_messages_check_deps_AuxCommand
[  0%] Built target _rosflight_msgs_generate_messages_check_deps_GNSSFull
[35m[1mScanning dependencies of target _rosflight_msgs_generate_messages_check_deps_Error[0m
[35m[1mScanning dependencies of target _rosflight_msgs_generate_messages_check_deps_ParamGet[0m
[35m[1mScanning dependencies of target _rosflight_msgs_generate_messages_check_deps_ParamSet[0m
[  0%] Built target _rosflight_msgs_generate_messages_check_deps_ParamGet
[35m[1mScanning dependencies of target std_msgs_generate_messages_nodejs[0m
[  0%] Built target _rosflight_msgs_generate_messages_check_deps_Error
[35m[1mScanning dependencies of target geometry_msgs_generate_messages_nodejs[0m
[35m[1mScanning dependencies of target std_msgs_generate_messages_cpp[0m
[  0%] Built target std_msgs_generate_messages_nodejs
[35m[1mScanning dependencies of target geometry_msgs_generate_messages_cpp[0m
[  0%] Built target geometry_msgs_generate_messages_nodejs
[  0%] Built target std_msgs_generate_messages_cpp
[  0%] Built target geometry_msgs_generate_messages_cpp
[  0%] Built target _rosflight_msgs_generate_messages_check_deps_ParamSet
[35m[1mScanning dependencies of target std_msgs_generate_messages_py[0m
[35m[1mScanning dependencies of target geometry_msgs_generate_messages_py[0m
[  0%] Built target std_msgs_generate_messages_py
[  0%] Built target geometry_msgs_generate_messages_py
[35m[1mScanning dependencies of target geometry_msgs_generate_messages_lisp[0m
[35m[1mScanning dependencies of target std_msgs_generate_messages_lisp[0m
[35m[1mScanning dependencies of target rosflight_msgs_generate_messages_eus[0m
[35m[1mScanning dependencies of target rosflight_msgs_generate_messages_nodejs[0m
[  0%] Built target std_msgs_generate_messages_lisp
[  0%] Built target geometry_msgs_generate_messages_lisp
[  1%] [34m[1mGenerating EusLisp code from rosflight_msgs/OutputRaw.msg[0m
[  2%] [34m[1mGenerating Javascript code from rosflight_msgs/OutputRaw.msg[0m
[  3%] [34m[1mGenerating Javascript code from rosflight_msgs/RCRaw.msg[0m
[  5%] [34m[1mGenerating EusLisp code from rosflight_msgs/RCRaw.msg[0m
[  6%] [34m[1mGenerating Javascript code from rosflight_msgs/Command.msg[0m
[  7%] [34m[1mGenerating EusLisp code from rosflight_msgs/Command.msg[0m
[  8%] [34m[1mGenerating EusLisp code from rosflight_msgs/Barometer.msg[0m
[ 10%] [34m[1mGenerating Javascript code from rosflight_msgs/Barometer.msg[0m
[ 11%] [34m[1mGenerating Javascript code from rosflight_msgs/Airspeed.msg[0m
[ 12%] [34m[1mGenerating EusLisp code from rosflight_msgs/Airspeed.msg[0m
[ 14%] [34m[1mGenerating Javascript code from rosflight_msgs/Attitude.msg[0m
[ 15%] [34m[1mGenerating EusLisp code from rosflight_msgs/Attitude.msg[0m
[ 16%] [34m[1mGenerating EusLisp code from rosflight_msgs/Status.msg[0m
[ 17%] [34m[1mGenerating Javascript code from rosflight_msgs/Status.msg[0m
[ 20%] [34m[1mGenerating EusLisp code from rosflight_msgs/Error.msg[0m
[ 20%] [34m[1mGenerating EusLisp code from rosflight_msgs/AuxCommand.msg[0m
[ 21%] [34m[1mGenerating Javascript code from rosflight_msgs/AuxCommand.msg[0m
[ 23%] [34m[1mGenerating Javascript code from rosflight_msgs/Error.msg[0m
[35m[1mScanning dependencies of target rosflight_msgs_generate_messages_cpp[0m
[ 24%] [34m[1mGenerating C++ code from rosflight_msgs/OutputRaw.msg[0m
[ 25%] [34m[1mGenerating EusLisp code from rosflight_msgs/GNSS.msg[0m
[ 26%] [34m[1mGenerating EusLisp code from rosflight_msgs/GNSSFull.msg[0m
[ 28%] [34m[1mGenerating Javascript code from rosflight_msgs/GNSS.msg[0m
[ 29%] [34m[1mGenerating Javascript code from rosflight_msgs/GNSSFull.msg[0m
[ 30%] [34m[1mGenerating C++ code from rosflight_msgs/RCRaw.msg[0m
[ 32%] [34m[1mGenerating EusLisp code from rosflight_msgs/BatteryStatus.msg[0m
[ 33%] [34m[1mGenerating Javascript code from rosflight_msgs/BatteryStatus.msg[0m
[ 34%] [34m[1mGenerating EusLisp code from rosflight_msgs/ParamGet.srv[0m
[ 35%] [34m[1mGenerating Javascript code from rosflight_msgs/ParamFile.srv[0m
[ 37%] [34m[1mGenerating EusLisp code from rosflight_msgs/ParamFile.srv[0m
[ 38%] [34m[1mGenerating Javascript code from rosflight_msgs/ParamGet.srv[0m
[ 39%] [34m[1mGenerating EusLisp code from rosflight_msgs/ParamSet.srv[0m
[ 41%] [34m[1mGenerating C++ code from rosflight_msgs/Command.msg[0m
[ 42%] [34m[1mGenerating Javascript code from rosflight_msgs/ParamSet.srv[0m
[ 43%] [34m[1mGenerating EusLisp manifest code for rosflight_msgs[0m
[ 43%] Built target rosflight_msgs_generate_messages_nodejs
[ 44%] [34m[1mGenerating C++ code from rosflight_msgs/Barometer.msg[0m
[35m[1mScanning dependencies of target rosflight_msgs_generate_messages_py[0m
[ 46%] [34m[1mGenerating C++ code from rosflight_msgs/Airspeed.msg[0m
[ 47%] [34m[1mGenerating Python from MSG rosflight_msgs/OutputRaw[0m
[35m[1mScanning dependencies of target rosflight_msgs_generate_messages_lisp[0m
[ 48%] [34m[1mGenerating Python from MSG rosflight_msgs/RCRaw[0m
[ 50%] [34m[1mGenerating Lisp code from rosflight_msgs/OutputRaw.msg[0m
[ 51%] [34m[1mGenerating Python from MSG rosflight_msgs/Command[0m
[ 52%] [34m[1mGenerating Lisp code from rosflight_msgs/RCRaw.msg[0m
[ 53%] [34m[1mGenerating C++ code from rosflight_msgs/Attitude.msg[0m
[ 55%] [34m[1mGenerating C++ code from rosflight_msgs/Status.msg[0m
[ 56%] [34m[1mGenerating Lisp code from rosflight_msgs/Command.msg[0m
[ 57%] [34m[1mGenerating Lisp code from rosflight_msgs/Barometer.msg[0m
[ 58%] [34m[1mGenerating Lisp code from rosflight_msgs/Airspeed.msg[0m
[ 58%] Built target rosflight_msgs_generate_messages_eus
[ 60%] [34m[1mGenerating C++ code from rosflight_msgs/AuxCommand.msg[0m
[ 61%] [34m[1mGenerating Python from MSG rosflight_msgs/Barometer[0m
[ 62%] [34m[1mGenerating C++ code from rosflight_msgs/GNSS.msg[0m
[ 64%] [34m[1mGenerating Lisp code from rosflight_msgs/Attitude.msg[0m
[ 65%] [34m[1mGenerating C++ code from rosflight_msgs/Error.msg[0m
[ 66%] [34m[1mGenerating Python from MSG rosflight_msgs/Airspeed[0m
[ 67%] [34m[1mGenerating Lisp code from rosflight_msgs/Status.msg[0m
[ 69%] [34m[1mGenerating Python from MSG rosflight_msgs/Attitude[0m
[ 70%] [34m[1mGenerating Python from MSG rosflight_msgs/Status[0m
[ 71%] [34m[1mGenerating C++ code from rosflight_msgs/GNSSFull.msg[0m
[ 73%] [34m[1mGenerating Lisp code from rosflight_msgs/AuxCommand.msg[0m
[ 74%] [34m[1mGenerating Python from MSG rosflight_msgs/AuxCommand[0m
[ 75%] [34m[1mGenerating Lisp code from rosflight_msgs/Error.msg[0m
[ 76%] [34m[1mGenerating Lisp code from rosflight_msgs/GNSS.msg[0m
[ 78%] [34m[1mGenerating Lisp code from rosflight_msgs/GNSSFull.msg[0m
[ 79%] [34m[1mGenerating Python from MSG rosflight_msgs/GNSS[0m
[ 80%] [34m[1mGenerating Python from MSG rosflight_msgs/Error[0m
[ 82%] [34m[1mGenerating Python from MSG rosflight_msgs/GNSSFull[0m
[ 83%] [34m[1mGenerating C++ code from rosflight_msgs/BatteryStatus.msg[0m
[ 84%] [34m[1mGenerating Lisp code from rosflight_msgs/BatteryStatus.msg[0m
[ 85%] [34m[1mGenerating Python from MSG rosflight_msgs/BatteryStatus[0m
[ 89%] [34m[1mGenerating Python code from SRV rosflight_msgs/ParamFile[0m
[ 89%] [34m[1mGenerating C++ code from rosflight_msgs/ParamFile.srv[0m
[ 89%] [34m[1mGenerating Python code from SRV rosflight_msgs/ParamGet[0m
[ 91%] [34m[1mGenerating C++ code from rosflight_msgs/ParamGet.srv[0m
[ 92%] [34m[1mGenerating Python code from SRV rosflight_msgs/ParamSet[0m
[ 93%] [34m[1mGenerating Lisp code from rosflight_msgs/ParamFile.srv[0m
[ 94%] [34m[1mGenerating Lisp code from rosflight_msgs/ParamGet.srv[0m
[ 96%] [34m[1mGenerating C++ code from rosflight_msgs/ParamSet.srv[0m
[ 97%] [34m[1mGenerating Lisp code from rosflight_msgs/ParamSet.srv[0m
[ 97%] Built target rosflight_msgs_generate_messages_lisp
[ 98%] [34m[1mGenerating Python msg __init__.py for rosflight_msgs[0m
[100%] [34m[1mGenerating Python srv __init__.py for rosflight_msgs[0m
[100%] Built target rosflight_msgs_generate_messages_cpp
[100%] Built target rosflight_msgs_generate_messages_py
[35m[1mScanning dependencies of target rosflight_msgs_generate_messages[0m
[100%] Built target rosflight_msgs_generate_messages
