Linked: (/home/martin/first_ws/devel/.private/rosflight_msgs/include/rosflight_msgs/ParamSet.h, /home/martin/first_ws/devel/include/rosflight_msgs/ParamSet.h)
Linked: (/home/martin/first_ws/devel/.private/rosflight_msgs/include/rosflight_msgs/AuxCommand.h, /home/martin/first_ws/devel/include/rosflight_msgs/AuxCommand.h)
Linked: (/home/martin/first_ws/devel/.private/rosflight_msgs/include/rosflight_msgs/ParamFileRequest.h, /home/martin/first_ws/devel/include/rosflight_msgs/ParamFileRequest.h)
Linked: (/home/martin/first_ws/devel/.private/rosflight_msgs/include/rosflight_msgs/ParamGetRequest.h, /home/martin/first_ws/devel/include/rosflight_msgs/ParamGetRequest.h)
Linked: (/home/martin/first_ws/devel/.private/rosflight_msgs/include/rosflight_msgs/OutputRaw.h, /home/martin/first_ws/devel/include/rosflight_msgs/OutputRaw.h)
Linked: (/home/martin/first_ws/devel/.private/rosflight_msgs/include/rosflight_msgs/Attitude.h, /home/martin/first_ws/devel/include/rosflight_msgs/Attitude.h)
Linked: (/home/martin/first_ws/devel/.private/rosflight_msgs/include/rosflight_msgs/BatteryStatus.h, /home/martin/first_ws/devel/include/rosflight_msgs/BatteryStatus.h)
Linked: (/home/martin/first_ws/devel/.private/rosflight_msgs/include/rosflight_msgs/ParamFileResponse.h, /home/martin/first_ws/devel/include/rosflight_msgs/ParamFileResponse.h)
Linked: (/home/martin/first_ws/devel/.private/rosflight_msgs/include/rosflight_msgs/GNSSFull.h, /home/martin/first_ws/devel/include/rosflight_msgs/GNSSFull.h)
Linked: (/home/martin/first_ws/devel/.private/rosflight_msgs/include/rosflight_msgs/Barometer.h, /home/martin/first_ws/devel/include/rosflight_msgs/Barometer.h)
Linked: (/home/martin/first_ws/devel/.private/rosflight_msgs/include/rosflight_msgs/ParamFile.h, /home/martin/first_ws/devel/include/rosflight_msgs/ParamFile.h)
Linked: (/home/martin/first_ws/devel/.private/rosflight_msgs/include/rosflight_msgs/Command.h, /home/martin/first_ws/devel/include/rosflight_msgs/Command.h)
Linked: (/home/martin/first_ws/devel/.private/rosflight_msgs/include/rosflight_msgs/Airspeed.h, /home/martin/first_ws/devel/include/rosflight_msgs/Airspeed.h)
Linked: (/home/martin/first_ws/devel/.private/rosflight_msgs/include/rosflight_msgs/Error.h, /home/martin/first_ws/devel/include/rosflight_msgs/Error.h)
Linked: (/home/martin/first_ws/devel/.private/rosflight_msgs/include/rosflight_msgs/ParamGet.h, /home/martin/first_ws/devel/include/rosflight_msgs/ParamGet.h)
Linked: (/home/martin/first_ws/devel/.private/rosflight_msgs/include/rosflight_msgs/Status.h, /home/martin/first_ws/devel/include/rosflight_msgs/Status.h)
Linked: (/home/martin/first_ws/devel/.private/rosflight_msgs/include/rosflight_msgs/ParamSetResponse.h, /home/martin/first_ws/devel/include/rosflight_msgs/ParamSetResponse.h)
Linked: (/home/martin/first_ws/devel/.private/rosflight_msgs/include/rosflight_msgs/RCRaw.h, /home/martin/first_ws/devel/include/rosflight_msgs/RCRaw.h)
Linked: (/home/martin/first_ws/devel/.private/rosflight_msgs/include/rosflight_msgs/ParamGetResponse.h, /home/martin/first_ws/devel/include/rosflight_msgs/ParamGetResponse.h)
Linked: (/home/martin/first_ws/devel/.private/rosflight_msgs/include/rosflight_msgs/ParamSetRequest.h, /home/martin/first_ws/devel/include/rosflight_msgs/ParamSetRequest.h)
Linked: (/home/martin/first_ws/devel/.private/rosflight_msgs/include/rosflight_msgs/GNSS.h, /home/martin/first_ws/devel/include/rosflight_msgs/GNSS.h)
Linked: (/home/martin/first_ws/devel/.private/rosflight_msgs/lib/pkgconfig/rosflight_msgs.pc, /home/martin/first_ws/devel/lib/pkgconfig/rosflight_msgs.pc)
Linked: (/home/martin/first_ws/devel/.private/rosflight_msgs/lib/python3/dist-packages/rosflight_msgs/__init__.py, /home/martin/first_ws/devel/lib/python3/dist-packages/rosflight_msgs/__init__.py)
Linked: (/home/martin/first_ws/devel/.private/rosflight_msgs/lib/python3/dist-packages/rosflight_msgs/srv/_ParamFile.py, /home/martin/first_ws/devel/lib/python3/dist-packages/rosflight_msgs/srv/_ParamFile.py)
Linked: (/home/martin/first_ws/devel/.private/rosflight_msgs/lib/python3/dist-packages/rosflight_msgs/srv/__init__.py, /home/martin/first_ws/devel/lib/python3/dist-packages/rosflight_msgs/srv/__init__.py)
Linked: (/home/martin/first_ws/devel/.private/rosflight_msgs/lib/python3/dist-packages/rosflight_msgs/srv/_ParamGet.py, /home/martin/first_ws/devel/lib/python3/dist-packages/rosflight_msgs/srv/_ParamGet.py)
Linked: (/home/martin/first_ws/devel/.private/rosflight_msgs/lib/python3/dist-packages/rosflight_msgs/srv/_ParamSet.py, /home/martin/first_ws/devel/lib/python3/dist-packages/rosflight_msgs/srv/_ParamSet.py)
Linked: (/home/martin/first_ws/devel/.private/rosflight_msgs/lib/python3/dist-packages/rosflight_msgs/msg/_Status.py, /home/martin/first_ws/devel/lib/python3/dist-packages/rosflight_msgs/msg/_Status.py)
Linked: (/home/martin/first_ws/devel/.private/rosflight_msgs/lib/python3/dist-packages/rosflight_msgs/msg/_Attitude.py, /home/martin/first_ws/devel/lib/python3/dist-packages/rosflight_msgs/msg/_Attitude.py)
Linked: (/home/martin/first_ws/devel/.private/rosflight_msgs/lib/python3/dist-packages/rosflight_msgs/msg/_Airspeed.py, /home/martin/first_ws/devel/lib/python3/dist-packages/rosflight_msgs/msg/_Airspeed.py)
Linked: (/home/martin/first_ws/devel/.private/rosflight_msgs/lib/python3/dist-packages/rosflight_msgs/msg/_RCRaw.py, /home/martin/first_ws/devel/lib/python3/dist-packages/rosflight_msgs/msg/_RCRaw.py)
Linked: (/home/martin/first_ws/devel/.private/rosflight_msgs/lib/python3/dist-packages/rosflight_msgs/msg/_AuxCommand.py, /home/martin/first_ws/devel/lib/python3/dist-packages/rosflight_msgs/msg/_AuxCommand.py)
Linked: (/home/martin/first_ws/devel/.private/rosflight_msgs/lib/python3/dist-packages/rosflight_msgs/msg/__init__.py, /home/martin/first_ws/devel/lib/python3/dist-packages/rosflight_msgs/msg/__init__.py)
Linked: (/home/martin/first_ws/devel/.private/rosflight_msgs/lib/python3/dist-packages/rosflight_msgs/msg/_GNSSFull.py, /home/martin/first_ws/devel/lib/python3/dist-packages/rosflight_msgs/msg/_GNSSFull.py)
Linked: (/home/martin/first_ws/devel/.private/rosflight_msgs/lib/python3/dist-packages/rosflight_msgs/msg/_GNSS.py, /home/martin/first_ws/devel/lib/python3/dist-packages/rosflight_msgs/msg/_GNSS.py)
Linked: (/home/martin/first_ws/devel/.private/rosflight_msgs/lib/python3/dist-packages/rosflight_msgs/msg/_Error.py, /home/martin/first_ws/devel/lib/python3/dist-packages/rosflight_msgs/msg/_Error.py)
Linked: (/home/martin/first_ws/devel/.private/rosflight_msgs/lib/python3/dist-packages/rosflight_msgs/msg/_Barometer.py, /home/martin/first_ws/devel/lib/python3/dist-packages/rosflight_msgs/msg/_Barometer.py)
Linked: (/home/martin/first_ws/devel/.private/rosflight_msgs/lib/python3/dist-packages/rosflight_msgs/msg/_Command.py, /home/martin/first_ws/devel/lib/python3/dist-packages/rosflight_msgs/msg/_Command.py)
Linked: (/home/martin/first_ws/devel/.private/rosflight_msgs/lib/python3/dist-packages/rosflight_msgs/msg/_BatteryStatus.py, /home/martin/first_ws/devel/lib/python3/dist-packages/rosflight_msgs/msg/_BatteryStatus.py)
Linked: (/home/martin/first_ws/devel/.private/rosflight_msgs/lib/python3/dist-packages/rosflight_msgs/msg/_OutputRaw.py, /home/martin/first_ws/devel/lib/python3/dist-packages/rosflight_msgs/msg/_OutputRaw.py)
Linked: (/home/martin/first_ws/devel/.private/rosflight_msgs/lib/python2.7/dist-packages/rosflight_msgs/__init__.py, /home/martin/first_ws/devel/lib/python2.7/dist-packages/rosflight_msgs/__init__.py)
Linked: (/home/martin/first_ws/devel/.private/rosflight_msgs/lib/python2.7/dist-packages/rosflight_msgs/srv/_ParamFile.py, /home/martin/first_ws/devel/lib/python2.7/dist-packages/rosflight_msgs/srv/_ParamFile.py)
Linked: (/home/martin/first_ws/devel/.private/rosflight_msgs/lib/python2.7/dist-packages/rosflight_msgs/srv/__init__.py, /home/martin/first_ws/devel/lib/python2.7/dist-packages/rosflight_msgs/srv/__init__.py)
Linked: (/home/martin/first_ws/devel/.private/rosflight_msgs/lib/python2.7/dist-packages/rosflight_msgs/srv/_ParamGet.py, /home/martin/first_ws/devel/lib/python2.7/dist-packages/rosflight_msgs/srv/_ParamGet.py)
Linked: (/home/martin/first_ws/devel/.private/rosflight_msgs/lib/python2.7/dist-packages/rosflight_msgs/srv/_ParamSet.py, /home/martin/first_ws/devel/lib/python2.7/dist-packages/rosflight_msgs/srv/_ParamSet.py)
Linked: (/home/martin/first_ws/devel/.private/rosflight_msgs/lib/python2.7/dist-packages/rosflight_msgs/msg/_Status.py, /home/martin/first_ws/devel/lib/python2.7/dist-packages/rosflight_msgs/msg/_Status.py)
Linked: (/home/martin/first_ws/devel/.private/rosflight_msgs/lib/python2.7/dist-packages/rosflight_msgs/msg/_Attitude.py, /home/martin/first_ws/devel/lib/python2.7/dist-packages/rosflight_msgs/msg/_Attitude.py)
Linked: (/home/martin/first_ws/devel/.private/rosflight_msgs/lib/python2.7/dist-packages/rosflight_msgs/msg/_Airspeed.py, /home/martin/first_ws/devel/lib/python2.7/dist-packages/rosflight_msgs/msg/_Airspeed.py)
Linked: (/home/martin/first_ws/devel/.private/rosflight_msgs/lib/python2.7/dist-packages/rosflight_msgs/msg/_RCRaw.py, /home/martin/first_ws/devel/lib/python2.7/dist-packages/rosflight_msgs/msg/_RCRaw.py)
Linked: (/home/martin/first_ws/devel/.private/rosflight_msgs/lib/python2.7/dist-packages/rosflight_msgs/msg/_AuxCommand.py, /home/martin/first_ws/devel/lib/python2.7/dist-packages/rosflight_msgs/msg/_AuxCommand.py)
Linked: (/home/martin/first_ws/devel/.private/rosflight_msgs/lib/python2.7/dist-packages/rosflight_msgs/msg/__init__.py, /home/martin/first_ws/devel/lib/python2.7/dist-packages/rosflight_msgs/msg/__init__.py)
Linked: (/home/martin/first_ws/devel/.private/rosflight_msgs/lib/python2.7/dist-packages/rosflight_msgs/msg/_GNSSFull.py, /home/martin/first_ws/devel/lib/python2.7/dist-packages/rosflight_msgs/msg/_GNSSFull.py)
Linked: (/home/martin/first_ws/devel/.private/rosflight_msgs/lib/python2.7/dist-packages/rosflight_msgs/msg/_GNSS.py, /home/martin/first_ws/devel/lib/python2.7/dist-packages/rosflight_msgs/msg/_GNSS.py)
Linked: (/home/martin/first_ws/devel/.private/rosflight_msgs/lib/python2.7/dist-packages/rosflight_msgs/msg/_Error.py, /home/martin/first_ws/devel/lib/python2.7/dist-packages/rosflight_msgs/msg/_Error.py)
Linked: (/home/martin/first_ws/devel/.private/rosflight_msgs/lib/python2.7/dist-packages/rosflight_msgs/msg/_Barometer.py, /home/martin/first_ws/devel/lib/python2.7/dist-packages/rosflight_msgs/msg/_Barometer.py)
Linked: (/home/martin/first_ws/devel/.private/rosflight_msgs/lib/python2.7/dist-packages/rosflight_msgs/msg/_Command.py, /home/martin/first_ws/devel/lib/python2.7/dist-packages/rosflight_msgs/msg/_Command.py)
Linked: (/home/martin/first_ws/devel/.private/rosflight_msgs/lib/python2.7/dist-packages/rosflight_msgs/msg/_BatteryStatus.py, /home/martin/first_ws/devel/lib/python2.7/dist-packages/rosflight_msgs/msg/_BatteryStatus.py)
Linked: (/home/martin/first_ws/devel/.private/rosflight_msgs/lib/python2.7/dist-packages/rosflight_msgs/msg/_OutputRaw.py, /home/martin/first_ws/devel/lib/python2.7/dist-packages/rosflight_msgs/msg/_OutputRaw.py)
Linked: (/home/martin/first_ws/devel/.private/rosflight_msgs/share/common-lisp/ros/rosflight_msgs/srv/_package_ParamSet.lisp, /home/martin/first_ws/devel/share/common-lisp/ros/rosflight_msgs/srv/_package_ParamSet.lisp)
Linked: (/home/martin/first_ws/devel/.private/rosflight_msgs/share/common-lisp/ros/rosflight_msgs/srv/ParamSet.lisp, /home/martin/first_ws/devel/share/common-lisp/ros/rosflight_msgs/srv/ParamSet.lisp)
Linked: (/home/martin/first_ws/devel/.private/rosflight_msgs/share/common-lisp/ros/rosflight_msgs/srv/rosflight_msgs-srv.asd, /home/martin/first_ws/devel/share/common-lisp/ros/rosflight_msgs/srv/rosflight_msgs-srv.asd)
Linked: (/home/martin/first_ws/devel/.private/rosflight_msgs/share/common-lisp/ros/rosflight_msgs/srv/ParamFile.lisp, /home/martin/first_ws/devel/share/common-lisp/ros/rosflight_msgs/srv/ParamFile.lisp)
Linked: (/home/martin/first_ws/devel/.private/rosflight_msgs/share/common-lisp/ros/rosflight_msgs/srv/_package.lisp, /home/martin/first_ws/devel/share/common-lisp/ros/rosflight_msgs/srv/_package.lisp)
Linked: (/home/martin/first_ws/devel/.private/rosflight_msgs/share/common-lisp/ros/rosflight_msgs/srv/ParamGet.lisp, /home/martin/first_ws/devel/share/common-lisp/ros/rosflight_msgs/srv/ParamGet.lisp)
Linked: (/home/martin/first_ws/devel/.private/rosflight_msgs/share/common-lisp/ros/rosflight_msgs/srv/_package_ParamFile.lisp, /home/martin/first_ws/devel/share/common-lisp/ros/rosflight_msgs/srv/_package_ParamFile.lisp)
Linked: (/home/martin/first_ws/devel/.private/rosflight_msgs/share/common-lisp/ros/rosflight_msgs/srv/_package_ParamGet.lisp, /home/martin/first_ws/devel/share/common-lisp/ros/rosflight_msgs/srv/_package_ParamGet.lisp)
Linked: (/home/martin/first_ws/devel/.private/rosflight_msgs/share/common-lisp/ros/rosflight_msgs/msg/rosflight_msgs-msg.asd, /home/martin/first_ws/devel/share/common-lisp/ros/rosflight_msgs/msg/rosflight_msgs-msg.asd)
Linked: (/home/martin/first_ws/devel/.private/rosflight_msgs/share/common-lisp/ros/rosflight_msgs/msg/GNSSFull.lisp, /home/martin/first_ws/devel/share/common-lisp/ros/rosflight_msgs/msg/GNSSFull.lisp)
Linked: (/home/martin/first_ws/devel/.private/rosflight_msgs/share/common-lisp/ros/rosflight_msgs/msg/RCRaw.lisp, /home/martin/first_ws/devel/share/common-lisp/ros/rosflight_msgs/msg/RCRaw.lisp)
Linked: (/home/martin/first_ws/devel/.private/rosflight_msgs/share/common-lisp/ros/rosflight_msgs/msg/_package_RCRaw.lisp, /home/martin/first_ws/devel/share/common-lisp/ros/rosflight_msgs/msg/_package_RCRaw.lisp)
Linked: (/home/martin/first_ws/devel/.private/rosflight_msgs/share/common-lisp/ros/rosflight_msgs/msg/_package_Attitude.lisp, /home/martin/first_ws/devel/share/common-lisp/ros/rosflight_msgs/msg/_package_Attitude.lisp)
Linked: (/home/martin/first_ws/devel/.private/rosflight_msgs/share/common-lisp/ros/rosflight_msgs/msg/_package_BatteryStatus.lisp, /home/martin/first_ws/devel/share/common-lisp/ros/rosflight_msgs/msg/_package_BatteryStatus.lisp)
Linked: (/home/martin/first_ws/devel/.private/rosflight_msgs/share/common-lisp/ros/rosflight_msgs/msg/GNSS.lisp, /home/martin/first_ws/devel/share/common-lisp/ros/rosflight_msgs/msg/GNSS.lisp)
Linked: (/home/martin/first_ws/devel/.private/rosflight_msgs/share/common-lisp/ros/rosflight_msgs/msg/Status.lisp, /home/martin/first_ws/devel/share/common-lisp/ros/rosflight_msgs/msg/Status.lisp)
Linked: (/home/martin/first_ws/devel/.private/rosflight_msgs/share/common-lisp/ros/rosflight_msgs/msg/_package_Status.lisp, /home/martin/first_ws/devel/share/common-lisp/ros/rosflight_msgs/msg/_package_Status.lisp)
Linked: (/home/martin/first_ws/devel/.private/rosflight_msgs/share/common-lisp/ros/rosflight_msgs/msg/_package_GNSS.lisp, /home/martin/first_ws/devel/share/common-lisp/ros/rosflight_msgs/msg/_package_GNSS.lisp)
Linked: (/home/martin/first_ws/devel/.private/rosflight_msgs/share/common-lisp/ros/rosflight_msgs/msg/_package_GNSSFull.lisp, /home/martin/first_ws/devel/share/common-lisp/ros/rosflight_msgs/msg/_package_GNSSFull.lisp)
Linked: (/home/martin/first_ws/devel/.private/rosflight_msgs/share/common-lisp/ros/rosflight_msgs/msg/_package_OutputRaw.lisp, /home/martin/first_ws/devel/share/common-lisp/ros/rosflight_msgs/msg/_package_OutputRaw.lisp)
Linked: (/home/martin/first_ws/devel/.private/rosflight_msgs/share/common-lisp/ros/rosflight_msgs/msg/_package_Error.lisp, /home/martin/first_ws/devel/share/common-lisp/ros/rosflight_msgs/msg/_package_Error.lisp)
Linked: (/home/martin/first_ws/devel/.private/rosflight_msgs/share/common-lisp/ros/rosflight_msgs/msg/_package_AuxCommand.lisp, /home/martin/first_ws/devel/share/common-lisp/ros/rosflight_msgs/msg/_package_AuxCommand.lisp)
Linked: (/home/martin/first_ws/devel/.private/rosflight_msgs/share/common-lisp/ros/rosflight_msgs/msg/BatteryStatus.lisp, /home/martin/first_ws/devel/share/common-lisp/ros/rosflight_msgs/msg/BatteryStatus.lisp)
Linked: (/home/martin/first_ws/devel/.private/rosflight_msgs/share/common-lisp/ros/rosflight_msgs/msg/Command.lisp, /home/martin/first_ws/devel/share/common-lisp/ros/rosflight_msgs/msg/Command.lisp)
Linked: (/home/martin/first_ws/devel/.private/rosflight_msgs/share/common-lisp/ros/rosflight_msgs/msg/_package.lisp, /home/martin/first_ws/devel/share/common-lisp/ros/rosflight_msgs/msg/_package.lisp)
Linked: (/home/martin/first_ws/devel/.private/rosflight_msgs/share/common-lisp/ros/rosflight_msgs/msg/Barometer.lisp, /home/martin/first_ws/devel/share/common-lisp/ros/rosflight_msgs/msg/Barometer.lisp)
Linked: (/home/martin/first_ws/devel/.private/rosflight_msgs/share/common-lisp/ros/rosflight_msgs/msg/Attitude.lisp, /home/martin/first_ws/devel/share/common-lisp/ros/rosflight_msgs/msg/Attitude.lisp)
Linked: (/home/martin/first_ws/devel/.private/rosflight_msgs/share/common-lisp/ros/rosflight_msgs/msg/Error.lisp, /home/martin/first_ws/devel/share/common-lisp/ros/rosflight_msgs/msg/Error.lisp)
Linked: (/home/martin/first_ws/devel/.private/rosflight_msgs/share/common-lisp/ros/rosflight_msgs/msg/_package_Barometer.lisp, /home/martin/first_ws/devel/share/common-lisp/ros/rosflight_msgs/msg/_package_Barometer.lisp)
Linked: (/home/martin/first_ws/devel/.private/rosflight_msgs/share/common-lisp/ros/rosflight_msgs/msg/_package_Airspeed.lisp, /home/martin/first_ws/devel/share/common-lisp/ros/rosflight_msgs/msg/_package_Airspeed.lisp)
Linked: (/home/martin/first_ws/devel/.private/rosflight_msgs/share/common-lisp/ros/rosflight_msgs/msg/OutputRaw.lisp, /home/martin/first_ws/devel/share/common-lisp/ros/rosflight_msgs/msg/OutputRaw.lisp)
Linked: (/home/martin/first_ws/devel/.private/rosflight_msgs/share/common-lisp/ros/rosflight_msgs/msg/_package_Command.lisp, /home/martin/first_ws/devel/share/common-lisp/ros/rosflight_msgs/msg/_package_Command.lisp)
Linked: (/home/martin/first_ws/devel/.private/rosflight_msgs/share/common-lisp/ros/rosflight_msgs/msg/Airspeed.lisp, /home/martin/first_ws/devel/share/common-lisp/ros/rosflight_msgs/msg/Airspeed.lisp)
Linked: (/home/martin/first_ws/devel/.private/rosflight_msgs/share/common-lisp/ros/rosflight_msgs/msg/AuxCommand.lisp, /home/martin/first_ws/devel/share/common-lisp/ros/rosflight_msgs/msg/AuxCommand.lisp)
Linked: (/home/martin/first_ws/devel/.private/rosflight_msgs/share/roseus/ros/rosflight_msgs/manifest.l, /home/martin/first_ws/devel/share/roseus/ros/rosflight_msgs/manifest.l)
Linked: (/home/martin/first_ws/devel/.private/rosflight_msgs/share/roseus/ros/rosflight_msgs/srv/ParamSet.l, /home/martin/first_ws/devel/share/roseus/ros/rosflight_msgs/srv/ParamSet.l)
Linked: (/home/martin/first_ws/devel/.private/rosflight_msgs/share/roseus/ros/rosflight_msgs/srv/ParamFile.l, /home/martin/first_ws/devel/share/roseus/ros/rosflight_msgs/srv/ParamFile.l)
Linked: (/home/martin/first_ws/devel/.private/rosflight_msgs/share/roseus/ros/rosflight_msgs/srv/ParamGet.l, /home/martin/first_ws/devel/share/roseus/ros/rosflight_msgs/srv/ParamGet.l)
Linked: (/home/martin/first_ws/devel/.private/rosflight_msgs/share/roseus/ros/rosflight_msgs/msg/GNSSFull.l, /home/martin/first_ws/devel/share/roseus/ros/rosflight_msgs/msg/GNSSFull.l)
Linked: (/home/martin/first_ws/devel/.private/rosflight_msgs/share/roseus/ros/rosflight_msgs/msg/Command.l, /home/martin/first_ws/devel/share/roseus/ros/rosflight_msgs/msg/Command.l)
Linked: (/home/martin/first_ws/devel/.private/rosflight_msgs/share/roseus/ros/rosflight_msgs/msg/Attitude.l, /home/martin/first_ws/devel/share/roseus/ros/rosflight_msgs/msg/Attitude.l)
Linked: (/home/martin/first_ws/devel/.private/rosflight_msgs/share/roseus/ros/rosflight_msgs/msg/GNSS.l, /home/martin/first_ws/devel/share/roseus/ros/rosflight_msgs/msg/GNSS.l)
Linked: (/home/martin/first_ws/devel/.private/rosflight_msgs/share/roseus/ros/rosflight_msgs/msg/AuxCommand.l, /home/martin/first_ws/devel/share/roseus/ros/rosflight_msgs/msg/AuxCommand.l)
Linked: (/home/martin/first_ws/devel/.private/rosflight_msgs/share/roseus/ros/rosflight_msgs/msg/RCRaw.l, /home/martin/first_ws/devel/share/roseus/ros/rosflight_msgs/msg/RCRaw.l)
Linked: (/home/martin/first_ws/devel/.private/rosflight_msgs/share/roseus/ros/rosflight_msgs/msg/Error.l, /home/martin/first_ws/devel/share/roseus/ros/rosflight_msgs/msg/Error.l)
Linked: (/home/martin/first_ws/devel/.private/rosflight_msgs/share/roseus/ros/rosflight_msgs/msg/BatteryStatus.l, /home/martin/first_ws/devel/share/roseus/ros/rosflight_msgs/msg/BatteryStatus.l)
Linked: (/home/martin/first_ws/devel/.private/rosflight_msgs/share/roseus/ros/rosflight_msgs/msg/Airspeed.l, /home/martin/first_ws/devel/share/roseus/ros/rosflight_msgs/msg/Airspeed.l)
Linked: (/home/martin/first_ws/devel/.private/rosflight_msgs/share/roseus/ros/rosflight_msgs/msg/Barometer.l, /home/martin/first_ws/devel/share/roseus/ros/rosflight_msgs/msg/Barometer.l)
Linked: (/home/martin/first_ws/devel/.private/rosflight_msgs/share/roseus/ros/rosflight_msgs/msg/OutputRaw.l, /home/martin/first_ws/devel/share/roseus/ros/rosflight_msgs/msg/OutputRaw.l)
Linked: (/home/martin/first_ws/devel/.private/rosflight_msgs/share/roseus/ros/rosflight_msgs/msg/Status.l, /home/martin/first_ws/devel/share/roseus/ros/rosflight_msgs/msg/Status.l)
Linked: (/home/martin/first_ws/devel/.private/rosflight_msgs/share/rosflight_msgs/cmake/rosflight_msgsConfig-version.cmake, /home/martin/first_ws/devel/share/rosflight_msgs/cmake/rosflight_msgsConfig-version.cmake)
Linked: (/home/martin/first_ws/devel/.private/rosflight_msgs/share/rosflight_msgs/cmake/rosflight_msgsConfig.cmake, /home/martin/first_ws/devel/share/rosflight_msgs/cmake/rosflight_msgsConfig.cmake)
Linked: (/home/martin/first_ws/devel/.private/rosflight_msgs/share/rosflight_msgs/cmake/rosflight_msgs-msg-extras.cmake, /home/martin/first_ws/devel/share/rosflight_msgs/cmake/rosflight_msgs-msg-extras.cmake)
Linked: (/home/martin/first_ws/devel/.private/rosflight_msgs/share/rosflight_msgs/cmake/rosflight_msgs-msg-paths.cmake, /home/martin/first_ws/devel/share/rosflight_msgs/cmake/rosflight_msgs-msg-paths.cmake)
Linked: (/home/martin/first_ws/devel/.private/rosflight_msgs/share/gennodejs/ros/rosflight_msgs/_index.js, /home/martin/first_ws/devel/share/gennodejs/ros/rosflight_msgs/_index.js)
Linked: (/home/martin/first_ws/devel/.private/rosflight_msgs/share/gennodejs/ros/rosflight_msgs/srv/_index.js, /home/martin/first_ws/devel/share/gennodejs/ros/rosflight_msgs/srv/_index.js)
Linked: (/home/martin/first_ws/devel/.private/rosflight_msgs/share/gennodejs/ros/rosflight_msgs/srv/ParamGet.js, /home/martin/first_ws/devel/share/gennodejs/ros/rosflight_msgs/srv/ParamGet.js)
Linked: (/home/martin/first_ws/devel/.private/rosflight_msgs/share/gennodejs/ros/rosflight_msgs/srv/ParamFile.js, /home/martin/first_ws/devel/share/gennodejs/ros/rosflight_msgs/srv/ParamFile.js)
Linked: (/home/martin/first_ws/devel/.private/rosflight_msgs/share/gennodejs/ros/rosflight_msgs/srv/ParamSet.js, /home/martin/first_ws/devel/share/gennodejs/ros/rosflight_msgs/srv/ParamSet.js)
Linked: (/home/martin/first_ws/devel/.private/rosflight_msgs/share/gennodejs/ros/rosflight_msgs/msg/GNSSFull.js, /home/martin/first_ws/devel/share/gennodejs/ros/rosflight_msgs/msg/GNSSFull.js)
Linked: (/home/martin/first_ws/devel/.private/rosflight_msgs/share/gennodejs/ros/rosflight_msgs/msg/Attitude.js, /home/martin/first_ws/devel/share/gennodejs/ros/rosflight_msgs/msg/Attitude.js)
Linked: (/home/martin/first_ws/devel/.private/rosflight_msgs/share/gennodejs/ros/rosflight_msgs/msg/RCRaw.js, /home/martin/first_ws/devel/share/gennodejs/ros/rosflight_msgs/msg/RCRaw.js)
Linked: (/home/martin/first_ws/devel/.private/rosflight_msgs/share/gennodejs/ros/rosflight_msgs/msg/Barometer.js, /home/martin/first_ws/devel/share/gennodejs/ros/rosflight_msgs/msg/Barometer.js)
Linked: (/home/martin/first_ws/devel/.private/rosflight_msgs/share/gennodejs/ros/rosflight_msgs/msg/AuxCommand.js, /home/martin/first_ws/devel/share/gennodejs/ros/rosflight_msgs/msg/AuxCommand.js)
Linked: (/home/martin/first_ws/devel/.private/rosflight_msgs/share/gennodejs/ros/rosflight_msgs/msg/Status.js, /home/martin/first_ws/devel/share/gennodejs/ros/rosflight_msgs/msg/Status.js)
Linked: (/home/martin/first_ws/devel/.private/rosflight_msgs/share/gennodejs/ros/rosflight_msgs/msg/GNSS.js, /home/martin/first_ws/devel/share/gennodejs/ros/rosflight_msgs/msg/GNSS.js)
Linked: (/home/martin/first_ws/devel/.private/rosflight_msgs/share/gennodejs/ros/rosflight_msgs/msg/OutputRaw.js, /home/martin/first_ws/devel/share/gennodejs/ros/rosflight_msgs/msg/OutputRaw.js)
Linked: (/home/martin/first_ws/devel/.private/rosflight_msgs/share/gennodejs/ros/rosflight_msgs/msg/Command.js, /home/martin/first_ws/devel/share/gennodejs/ros/rosflight_msgs/msg/Command.js)
Linked: (/home/martin/first_ws/devel/.private/rosflight_msgs/share/gennodejs/ros/rosflight_msgs/msg/_index.js, /home/martin/first_ws/devel/share/gennodejs/ros/rosflight_msgs/msg/_index.js)
Linked: (/home/martin/first_ws/devel/.private/rosflight_msgs/share/gennodejs/ros/rosflight_msgs/msg/Airspeed.js, /home/martin/first_ws/devel/share/gennodejs/ros/rosflight_msgs/msg/Airspeed.js)
Linked: (/home/martin/first_ws/devel/.private/rosflight_msgs/share/gennodejs/ros/rosflight_msgs/msg/BatteryStatus.js, /home/martin/first_ws/devel/share/gennodejs/ros/rosflight_msgs/msg/BatteryStatus.js)
Linked: (/home/martin/first_ws/devel/.private/rosflight_msgs/share/gennodejs/ros/rosflight_msgs/msg/Error.js, /home/martin/first_ws/devel/share/gennodejs/ros/rosflight_msgs/msg/Error.js)
