[35m[1mScanning dependencies of target _rosflight_msgs_generate_messages_check_deps_OutputRaw[0m
[  0%] Built target _rosflight_msgs_generate_messages_check_deps_OutputRaw
[35m[1mScanning dependencies of target _rosflight_msgs_generate_messages_check_deps_RCRaw[0m
[  0%] Built target _rosflight_msgs_generate_messages_check_deps_RCRaw
[35m[1mScanning dependencies of target _rosflight_msgs_generate_messages_check_deps_ParamFile[0m
[35m[1mScanning dependencies of target _rosflight_msgs_generate_messages_check_deps_GNSS[0m
[35m[1mScanning dependencies of target _rosflight_msgs_generate_messages_check_deps_Barometer[0m
[35m[1mScanning dependencies of target std_msgs_generate_messages_eus[0m
[  0%] Built target std_msgs_generate_messages_eus
[  0%] Built target _rosflight_msgs_generate_messages_check_deps_ParamFile
[  0%] Built target _rosflight_msgs_generate_messages_check_deps_GNSS
[  0%] Built target _rosflight_msgs_generate_messages_check_deps_Barometer
[35m[1mScanning dependencies of target geometry_msgs_generate_messages_eus[0m
[  0%] Built target geometry_msgs_generate_messages_eus
[35m[1mScanning dependencies of target _rosflight_msgs_generate_messages_check_deps_Command[0m
[35m[1mScanning dependencies of target _rosflight_msgs_generate_messages_check_deps_Airspeed[0m
[  0%] Built target _rosflight_msgs_generate_messages_check_deps_Command
[35m[1mScanning dependencies of target _rosflight_msgs_generate_messages_check_deps_Status[0m
[35m[1mScanning dependencies of target _rosflight_msgs_generate_messages_check_deps_BatteryStatus[0m
[35m[1mScanning dependencies of target _rosflight_msgs_generate_messages_check_deps_Attitude[0m
[  0%] Built target _rosflight_msgs_generate_messages_check_deps_Airspeed
[  0%] Built target _rosflight_msgs_generate_messages_check_deps_Status
[  0%] Built target _rosflight_msgs_generate_messages_check_deps_BatteryStatus
[  0%] Built target _rosflight_msgs_generate_messages_check_deps_Attitude
[35m[1mScanning dependencies of target _rosflight_msgs_generate_messages_check_deps_AuxCommand[0m
[35m[1mScanning dependencies of target _rosflight_msgs_generate_messages_check_deps_GNSSFull[0m
[35m[1mScanning dependencies of target _rosflight_msgs_generate_messages_check_deps_Error[0m
[35m[1mScanning dependencies of target _rosflight_msgs_generate_messages_check_deps_ParamGet[0m
[35m[1mScanning dependencies of target _rosflight_msgs_generate_messages_check_deps_ParamSet[0m
[35m[1mScanning dependencies of target std_msgs_generate_messages_nodejs[0m
[35m[1mScanning dependencies of target geometry_msgs_generate_messages_nodejs[0m
[35m[1mScanning dependencies of target std_msgs_generate_messages_cpp[0m
[35m[1mScanning dependencies of target geometry_msgs_generate_messages_cpp[0m
[  0%] Built target std_msgs_generate_messages_nodejs
[  0%] Built target geometry_msgs_generate_messages_nodejs
[  0%] Built target std_msgs_generate_messages_cpp
[  0%] Built target geometry_msgs_generate_messages_cpp
[35m[1mScanning dependencies of target std_msgs_generate_messages_py[0m
[  0%] Built target _rosflight_msgs_generate_messages_check_deps_AuxCommand
[  0%] Built target std_msgs_generate_messages_py
[35m[1mScanning dependencies of target geometry_msgs_generate_messages_py[0m
[  0%] Built target _rosflight_msgs_generate_messages_check_deps_ParamGet
[35m[1mScanning dependencies of target std_msgs_generate_messages_lisp[0m
[  0%] Built target geometry_msgs_generate_messages_py
[  0%] Built target _rosflight_msgs_generate_messages_check_deps_Error
[  0%] Built target _rosflight_msgs_generate_messages_check_deps_GNSSFull
[35m[1mScanning dependencies of target geometry_msgs_generate_messages_lisp[0m
[  0%] Built target std_msgs_generate_messages_lisp
[  0%] Built target geometry_msgs_generate_messages_lisp
[  0%] Built target _rosflight_msgs_generate_messages_check_deps_ParamSet
[35m[1mScanning dependencies of target rosflight_msgs_generate_messages_py[0m
[35m[1mScanning dependencies of target rosflight_msgs_generate_messages_cpp[0m
[35m[1mScanning dependencies of target rosflight_msgs_generate_messages_nodejs[0m
[35m[1mScanning dependencies of target rosflight_msgs_generate_messages_eus[0m
[35m[1mScanning dependencies of target rosflight_msgs_generate_messages_lisp[0m
[ 32%] Built target rosflight_msgs_generate_messages_nodejs
[ 38%] Built target rosflight_msgs_generate_messages_lisp
[ 74%] Built target rosflight_msgs_generate_messages_py
[ 79%] Built target rosflight_msgs_generate_messages_cpp
[100%] Built target rosflight_msgs_generate_messages_eus
[35m[1mScanning dependencies of target rosflight_msgs_generate_messages[0m
[100%] Built target rosflight_msgs_generate_messages
